
> web@0.1.0 build D:\VertexPM\apps\web
> next build

▲ Next.js 16.2.9 (Turbopack)

  Creating an optimized production build ...
✓ Compiled successfully in 4.7s
  Running TypeScript ...
  Finished TypeScript in 7.6s ...
  Collecting page data using 11 workers ...
  Generating static pages using 11 workers (0/7) ...
  Generating static pages using 11 workers (1/7) 
  Generating static pages using 11 workers (3/7) 
  Generating static pages using 11 workers (5/7) 
✓ Generating static pages using 11 workers (7/7) in 1309ms
  Finalizing page optimization ...

Route (app)
┌ ○ /
├ ○ /_not-found
├ ○ /dashboard
├ ○ /login
├ ○ /signup
├ ƒ /workspaces/[id]/projects
├ ƒ /workspaces/[id]/projects/[projectId]
└ ƒ /workspaces/[id]/projects/[projectId]/boards/[boardId]


○  (Static)   prerendered as static content
ƒ  (Dynamic)  server-rendered on demand

